<?xml version="1.0" encoding="UTF-8"?>
<!-- Generated by org.testng.reporters.JUnitXMLReporter -->
<testsuite ignored="0" hostname="DESKTOP-VU1F7B6" failures="0" tests="3" name="Test2" time="26.475" errors="0" timestamp="2023-03-01T13:03:59 IST">
  <testcase classname="dataprovider2.DataProvider_2" name="login" time="4.685"/>
  <testcase classname="dataprovider2.DataProvider_2" name="login" time="6.174"/>
  <testcase classname="dataprovider2.DataProvider_2" name="login" time="3.956"/>
</testsuite> <!-- Test2 -->
