<?xml version="1.0" encoding="UTF-8"?>
<!-- Generated by org.testng.reporters.JUnitXMLReporter -->
<testsuite ignored="0" hostname="DESKTOP-VU1F7B6" failures="2" tests="3" name="Test" time="16.148" errors="0" timestamp="2023-03-01T11:59:42 IST">
  <testcase classname="dataprovider2.DataProvider_2" name="login" time="4.27"/>
  <testcase classname="dataprovider2.DataProvider_2" name="login" time="2.717">
    <failure type="java.lang.AssertionError" message="The following asserts failed:
	expected [] but found [actiTIME - Login]">
      <![CDATA[java.lang.AssertionError: The following asserts failed:
expected [] but found [actiTIME - Login]
at dataprovider2.DataProvider_2.login(DataProvider_2.java:43)
at java.base/java.util.ArrayList.forEach(ArrayList.java:1511)
... Removed 29 stack frames]]>
    </failure>
  </testcase> <!-- login -->
  <testcase classname="dataprovider2.DataProvider_2" name="login" time="2.561">
    <failure type="java.lang.AssertionError" message="The following asserts failed:
	expected [] but found [actiTIME - Login],
	expected [] but found [actiTIME - Login]">
      <![CDATA[java.lang.AssertionError: The following asserts failed:
expected [] but found [actiTIME - Login],
expected [] but found [actiTIME - Login]
at dataprovider2.DataProvider_2.login(DataProvider_2.java:43)
at java.base/java.util.ArrayList.forEach(ArrayList.java:1511)
... Removed 29 stack frames]]>
    </failure>
  </testcase> <!-- login -->
</testsuite> <!-- Test -->
