<?xml version="1.0" encoding="UTF-8"?>
<testng-results ignored="0" total="3" passed="3" failed="0" skipped="0">
  <reporter-output>
  </reporter-output>
  <suite started-at="2023-03-01T13:03:33 IST" name="mysuite2" finished-at="2023-03-01T13:03:59 IST" duration-ms="26475">
    <groups>
    </groups>
    <test started-at="2023-03-01T13:03:33 IST" name="Test2" finished-at="2023-03-01T13:03:59 IST" duration-ms="26475">
      <class name="dataprovider2.DataProvider_2">
        <test-method is-config="true" signature="setup()[pri:0, instance:dataprovider2.DataProvider_2@1530c739]" started-at="2023-03-01T13:03:33 IST" name="setup" finished-at="2023-03-01T13:03:43 IST" duration-ms="10572" status="PASS">
          <reporter-output>
          </reporter-output>
        </test-method> <!-- setup -->
        <test-method signature="login(java.lang.String,java.lang.String)[pri:0, instance:dataprovider2.DataProvider_2@1530c739]" started-at="2023-03-01T13:03:43 IST" name="login" data-provider="dp" finished-at="2023-03-01T13:03:48 IST" duration-ms="4685" status="PASS">
          <params>
            <param index="0">
              <value>
                <![CDATA[admin]]>
              </value>
            </param>
            <param index="1">
              <value>
                <![CDATA[manager]]>
              </value>
            </param>
          </params>
          <reporter-output>
          </reporter-output>
        </test-method> <!-- login -->
        <test-method signature="login(java.lang.String,java.lang.String)[pri:0, instance:dataprovider2.DataProvider_2@1530c739]" started-at="2023-03-01T13:03:48 IST" name="login" data-provider="dp" finished-at="2023-03-01T13:03:54 IST" duration-ms="6174" status="PASS">
          <params>
            <param index="0">
              <value>
                <![CDATA[admin]]>
              </value>
            </param>
            <param index="1">
              <value>
                <![CDATA[manager]]>
              </value>
            </param>
          </params>
          <reporter-output>
          </reporter-output>
        </test-method> <!-- login -->
        <test-method signature="login(java.lang.String,java.lang.String)[pri:0, instance:dataprovider2.DataProvider_2@1530c739]" started-at="2023-03-01T13:03:54 IST" name="login" data-provider="dp" finished-at="2023-03-01T13:03:58 IST" duration-ms="3956" status="PASS">
          <params>
            <param index="0">
              <value>
                <![CDATA[admin]]>
              </value>
            </param>
            <param index="1">
              <value>
                <![CDATA[manager]]>
              </value>
            </param>
          </params>
          <reporter-output>
          </reporter-output>
        </test-method> <!-- login -->
        <test-method is-config="true" signature="closeapp()[pri:0, instance:dataprovider2.DataProvider_2@1530c739]" started-at="2023-03-01T13:03:58 IST" name="closeapp" finished-at="2023-03-01T13:03:59 IST" duration-ms="789" status="PASS">
          <reporter-output>
          </reporter-output>
        </test-method> <!-- closeapp -->
      </class> <!-- dataprovider2.DataProvider_2 -->
    </test> <!-- Test2 -->
  </suite> <!-- mysuite2 -->
</testng-results>
